<?xml version="1.0" encoding="UTF-8"?>
<!-- Generated by org.testng.reporters.JUnitReportReporter -->
<testsuite hostname="Rimas-MacBook-Pro.local" failures="0" tests="4" name="testcases.FindCarTest" time="38.074" errors="0" timestamp="19 Mar 2024 22:56:02 GMT" skipped="0">
  <testcase classname="testcases.FindCarTest" name="findCarTest" time="10.917"/>
  <testcase classname="testcases.FindCarTest" name="findCarTest" time="8.927"/>
  <testcase classname="testcases.FindCarTest" name="findCarTest" time="8.376"/>
  <testcase classname="testcases.FindCarTest" name="findCarTest" time="9.854"/>
</testsuite> <!-- testcases.FindCarTest -->
