<?xml version="1.0" encoding="UTF-8"?>
<!-- Generated by org.testng.reporters.JUnitReportReporter -->
<testsuite hostname="Rimas-MacBook-Pro.local" failures="0" tests="1" name="testcases.HomePageTest" time="4.653" errors="0" timestamp="20 Mar 2024 00:21:35 GMT" skipped="0">
  <testcase classname="testcases.HomePageTest" name="homePageTest" time="4.653"/>
</testsuite> <!-- testcases.HomePageTest -->
