<?xml version="1.0" encoding="UTF-8"?>
<!-- Generated by org.testng.reporters.JUnitReportReporter -->
<testsuite hostname="Rimas-MacBook-Pro.local" failures="0" tests="1" name="testcases.HomePageTest" time="4.871" errors="0" timestamp="19 Mar 2024 22:56:02 GMT" skipped="0">
  <testcase classname="testcases.HomePageTest" name="homePageTest" time="4.871"/>
</testsuite> <!-- testcases.HomePageTest -->
