<?xml version="1.0" encoding="UTF-8"?>
<!-- Generated by org.testng.reporters.JUnitReportReporter -->
<testsuite hostname="Rimas-MacBook-Pro.local" failures="0" tests="4" name="testcases.FindCarTest" time="39.061" errors="0" timestamp="19 Mar 2024 01:10:30 GMT" skipped="0">
  <testcase classname="testcases.FindCarTest" name="findCarTest" time="8.152"/>
  <testcase classname="testcases.FindCarTest" name="findCarTest" time="9.900"/>
  <testcase classname="testcases.FindCarTest" name="findCarTest" time="8.129"/>
  <testcase classname="testcases.FindCarTest" name="findCarTest" time="12.880"/>
</testsuite> <!-- testcases.FindCarTest -->
