<?xml version="1.0" encoding="UTF-8"?>
<!-- Generated by org.testng.reporters.JUnitReportReporter -->
<testsuite hostname="Rimas-MacBook-Pro.local" failures="0" tests="4" name="testcases.FindCarTest" time="35.955" errors="0" timestamp="18 Mar 2024 22:09:04 GMT" skipped="0">
  <testcase classname="testcases.FindCarTest" name="findCarTest" time="10.748"/>
  <testcase classname="testcases.FindCarTest" name="findCarTest" time="6.968"/>
  <testcase classname="testcases.FindCarTest" name="findCarTest" time="10.189"/>
  <testcase classname="testcases.FindCarTest" name="findCarTest" time="8.050"/>
</testsuite> <!-- testcases.FindCarTest -->
