<?xml version="1.0" encoding="UTF-8"?>
<!-- Generated by org.testng.reporters.JUnitReportReporter -->
<testsuite hostname="Rimas-MacBook-Pro.local" failures="0" tests="1" name="testcases.FindCarTest" time="2.285" errors="0" timestamp="16 Mar 2024 00:49:51 GMT" skipped="0">
  <testcase classname="testcases.FindCarTest" name="findCarTest" time="2.285"/>
</testsuite> <!-- testcases.FindCarTest -->
