<?xml version="1.0" encoding="UTF-8"?>
<!-- Generated by org.testng.reporters.JUnitReportReporter -->
<testsuite hostname="Rimas-MacBook-Pro.local" failures="0" tests="4" name="testcases.CarModelAndPriceTest" time="37.314" errors="0" timestamp="19 Mar 2024 19:18:23 GMT" skipped="0">
  <testcase classname="testcases.CarModelAndPriceTest" name="findCarModelAndPriceTest" time="8.456"/>
  <testcase classname="testcases.CarModelAndPriceTest" name="findCarModelAndPriceTest" time="8.561"/>
  <testcase classname="testcases.CarModelAndPriceTest" name="findCarModelAndPriceTest" time="10.155"/>
  <testcase classname="testcases.CarModelAndPriceTest" name="findCarModelAndPriceTest" time="10.142"/>
</testsuite> <!-- testcases.CarModelAndPriceTest -->
