<?xml version="1.0" encoding="UTF-8"?>
<!-- Generated by org.testng.reporters.JUnitReportReporter -->
<testsuite hostname="Rimas-MacBook-Pro.local" failures="0" tests="4" name="testcases.FindCarTest" time="40.495" errors="0" timestamp="19 Mar 2024 20:19:49 GMT" skipped="0">
  <testcase classname="testcases.FindCarTest" name="findCarTest" time="10.918"/>
  <testcase classname="testcases.FindCarTest" name="findCarTest" time="8.168"/>
  <testcase classname="testcases.FindCarTest" name="findCarTest" time="11.880"/>
  <testcase classname="testcases.FindCarTest" name="findCarTest" time="9.529"/>
</testsuite> <!-- testcases.FindCarTest -->
