<?xml version="1.0" encoding="UTF-8"?>
<!-- Generated by org.testng.reporters.JUnitReportReporter -->
<testsuite hostname="Rimas-MacBook-Pro.local" failures="0" tests="1" name="testcases.FindCarTest" time="4.462" errors="0" timestamp="16 Mar 2024 01:02:17 GMT" skipped="0">
  <testcase classname="testcases.FindCarTest" name="findCarTest" time="4.462"/>
</testsuite> <!-- testcases.FindCarTest -->
