<?xml version="1.0" encoding="UTF-8"?>
<!-- Generated by org.testng.reporters.JUnitReportReporter -->
<testsuite hostname="Rimas-MacBook-Pro.local" failures="0" tests="1" name="testcases.CarPriceTest" time="0.000" errors="0" timestamp="19 Mar 2024 05:48:38 GMT" skipped="1">
  <testcase classname="testcases.CarPriceTest" name="findCarPriceTest" time="0.000">
    <skipped/>
  </testcase> <!-- findCarPriceTest -->
</testsuite> <!-- testcases.CarPriceTest -->
