<?xml version="1.0" encoding="UTF-8"?>
<!-- Generated by org.testng.reporters.JUnitReportReporter -->
<testsuite hostname="Rimas-MacBook-Pro.local" failures="0" tests="4" name="testcases.FindCarTest" time="37.911" errors="0" timestamp="20 Mar 2024 00:21:35 GMT" skipped="0">
  <testcase classname="testcases.FindCarTest" name="findCarTest" time="7.532"/>
  <testcase classname="testcases.FindCarTest" name="findCarTest" time="11.507"/>
  <testcase classname="testcases.FindCarTest" name="findCarTest" time="10.167"/>
  <testcase classname="testcases.FindCarTest" name="findCarTest" time="8.705"/>
</testsuite> <!-- testcases.FindCarTest -->
